\BOOKMARK [1][-]{section.1}{\376\377\000E\000x\000e\000c\000u\000t\000i\000v\000e\000\040\000S\000u\000m\000m\000a\000r\000y}{}% 1
\BOOKMARK [2][-]{subsection.1.1}{\376\377\000S\000t\000r\000a\000t\000e\000g\000y\000\040\000O\000v\000e\000r\000v\000i\000e\000w}{section.1}% 2
\BOOKMARK [2][-]{subsection.1.2}{\376\377\000K\000e\000y\000\040\000P\000e\000r\000f\000o\000r\000m\000a\000n\000c\000e\000\040\000R\000e\000s\000u\000l\000t\000s}{section.1}% 3
\BOOKMARK [2][-]{subsection.1.3}{\376\377\000V\000a\000l\000i\000d\000a\000t\000i\000o\000n\000\040\000S\000c\000o\000p\000e}{section.1}% 4
\BOOKMARK [1][-]{section.2}{\376\377\000T\000h\000e\000o\000r\000e\000t\000i\000c\000a\000l\000\040\000F\000o\000u\000n\000d\000a\000t\000i\000o\000n}{}% 5
\BOOKMARK [2][-]{subsection.2.1}{\376\377\000F\000a\000c\000t\000o\000r\000\040\000I\000n\000v\000e\000s\000t\000i\000n\000g\000\040\000F\000r\000a\000m\000e\000w\000o\000r\000k}{section.2}% 6
\BOOKMARK [3][-]{subsubsection.2.1.1}{\376\377\000M\000o\000m\000e\000n\000t\000u\000m\000\040\000F\000a\000c\000t\000o\000r}{subsection.2.1}% 7
\BOOKMARK [3][-]{subsubsection.2.1.2}{\376\377\000Q\000u\000a\000l\000i\000t\000y\000\040\000F\000a\000c\000t\000o\000r}{subsection.2.1}% 8
\BOOKMARK [3][-]{subsubsection.2.1.3}{\376\377\000V\000a\000l\000u\000e\000\040\000F\000a\000c\000t\000o\000r}{subsection.2.1}% 9
\BOOKMARK [3][-]{subsubsection.2.1.4}{\376\377\000L\000o\000w\000\040\000V\000o\000l\000a\000t\000i\000l\000i\000t\000y\000\040\000F\000a\000c\000t\000o\000r}{subsection.2.1}% 10
\BOOKMARK [2][-]{subsection.2.2}{\376\377\000F\000a\000c\000t\000o\000r\000\040\000I\000n\000t\000e\000g\000r\000a\000t\000i\000o\000n\000:\000\040\000G\000e\000o\000m\000e\000t\000r\000i\000c\000\040\000M\000e\000a\000n\000\040\000A\000p\000p\000r\000o\000a\000c\000h}{section.2}% 11
\BOOKMARK [1][-]{section.3}{\376\377\000P\000o\000r\000t\000f\000o\000l\000i\000o\000\040\000C\000o\000n\000s\000t\000r\000u\000c\000t\000i\000o\000n}{}% 12
\BOOKMARK [2][-]{subsection.3.1}{\376\377\000M\000e\000a\000n\000-\000V\000a\000r\000i\000a\000n\000c\000e\000\040\000O\000p\000t\000i\000m\000i\000z\000a\000t\000i\000o\000n\000\040\000w\000i\000t\000h\000\040\000A\000x\000i\000o\000m\000a\000\040\000A\000d\000j\000u\000s\000t\000m\000e\000n\000t}{section.3}% 13
\BOOKMARK [3][-]{subsubsection.3.1.1}{\376\377\000S\000t\000a\000n\000d\000a\000r\000d\000\040\000M\000e\000a\000n\000-\000V\000a\000r\000i\000a\000n\000c\000e\000\040\000F\000o\000r\000m\000u\000l\000a\000t\000i\000o\000n}{subsection.3.1}% 14
\BOOKMARK [3][-]{subsubsection.3.1.2}{\376\377\000A\000x\000i\000o\000m\000a\000\040\000R\000i\000s\000k\000\040\000A\000d\000j\000u\000s\000t\000m\000e\000n\000t}{subsection.3.1}% 15
\BOOKMARK [2][-]{subsection.3.2}{\376\377\000T\000r\000a\000n\000s\000a\000c\000t\000i\000o\000n\000\040\000C\000o\000s\000t\000\040\000M\000o\000d\000e\000l}{section.3}% 16
\BOOKMARK [2][-]{subsection.3.3}{\376\377\000R\000i\000s\000k\000\040\000M\000a\000n\000a\000g\000e\000m\000e\000n\000t}{section.3}% 17
\BOOKMARK [3][-]{subsubsection.3.3.1}{\376\377\000V\000I\000X\000-\000B\000a\000s\000e\000d\000\040\000D\000y\000n\000a\000m\000i\000c\000\040\000S\000t\000o\000p\000-\000L\000o\000s\000s}{subsection.3.3}% 18
\BOOKMARK [3][-]{subsubsection.3.3.2}{\376\377\000T\000h\000r\000e\000s\000h\000o\000l\000d\000-\000B\000a\000s\000e\000d\000\040\000R\000e\000b\000a\000l\000a\000n\000c\000i\000n\000g}{subsection.3.3}% 19
\BOOKMARK [1][-]{section.4}{\376\377\000E\000m\000p\000i\000r\000i\000c\000a\000l\000\040\000V\000a\000l\000i\000d\000a\000t\000i\000o\000n}{}% 20
\BOOKMARK [2][-]{subsection.4.1}{\376\377\000D\000a\000t\000a\000\040\000D\000e\000s\000c\000r\000i\000p\000t\000i\000o\000n}{section.4}% 21
\BOOKMARK [3][-]{subsubsection.4.1.1}{\376\377\000U\000n\000i\000v\000e\000r\000s\000e\000\040\000C\000o\000n\000s\000t\000r\000u\000c\000t\000i\000o\000n}{subsection.4.1}% 22
\BOOKMARK [3][-]{subsubsection.4.1.2}{\376\377\000P\000e\000r\000i\000o\000d\000\040\000D\000e\000f\000i\000n\000i\000t\000i\000o\000n\000s}{subsection.4.1}% 23
\BOOKMARK [2][-]{subsection.4.2}{\376\377\000O\000p\000t\000i\000m\000i\000z\000e\000r\000\040\000C\000o\000m\000p\000a\000r\000i\000s\000o\000n}{section.4}% 24
\BOOKMARK [2][-]{subsection.4.3}{\376\377\000P\000e\000r\000f\000o\000r\000m\000a\000n\000c\000e\000\040\000R\000e\000s\000u\000l\000t\000s\000\040\000b\000y\000\040\000P\000e\000r\000i\000o\000d}{section.4}% 25
\BOOKMARK [3][-]{subsubsection.4.3.1}{\376\377\000P\000e\000r\000i\000o\000d\000\040\0001\000:\000\040\000B\000u\000l\000l\000\040\000M\000a\000r\000k\000e\000t\000\040\000\050\0002\0000\0002\0000\000-\0002\0000\0002\0001\000\051}{subsection.4.3}% 26
\BOOKMARK [3][-]{subsubsection.4.3.2}{\376\377\000P\000e\000r\000i\000o\000d\000\040\0002\000:\000\040\000B\000e\000a\000r\000/\000V\000o\000l\000a\000t\000i\000l\000e\000\040\000M\000a\000r\000k\000e\000t\000\040\000\050\0002\0000\0002\0002\000-\0002\0000\0002\0003\000\051}{subsection.4.3}% 27
\BOOKMARK [3][-]{subsubsection.4.3.3}{\376\377\000P\000e\000r\000i\000o\000d\000\040\0003\000:\000\040\000R\000e\000c\000o\000v\000e\000r\000y\000\040\000\050\0002\0000\0002\0004\000-\0002\0000\0002\0005\000\051}{subsection.4.3}% 28
\BOOKMARK [2][-]{subsection.4.4}{\376\377\000A\000g\000g\000r\000e\000g\000a\000t\000e\000\040\000P\000e\000r\000f\000o\000r\000m\000a\000n\000c\000e\000\040\000\050\000A\000l\000l\000\040\000P\000e\000r\000i\000o\000d\000s\000\051}{section.4}% 29
\BOOKMARK [2][-]{subsection.4.5}{\376\377\000S\000t\000a\000t\000i\000s\000t\000i\000c\000a\000l\000\040\000S\000i\000g\000n\000i\000f\000i\000c\000a\000n\000c\000e}{section.4}% 30
\BOOKMARK [1][-]{section.5}{\376\377\000R\000i\000s\000k\000\040\000A\000n\000a\000l\000y\000s\000i\000s}{}% 31
\BOOKMARK [2][-]{subsection.5.1}{\376\377\000D\000r\000a\000w\000d\000o\000w\000n\000\040\000A\000n\000a\000l\000y\000s\000i\000s}{section.5}% 32
\BOOKMARK [2][-]{subsection.5.2}{\376\377\000V\000a\000l\000u\000e\000\040\000a\000t\000\040\000R\000i\000s\000k\000\040\000\050\000V\000a\000R\000\051}{section.5}% 33
\BOOKMARK [2][-]{subsection.5.3}{\376\377\000C\000o\000n\000d\000i\000t\000i\000o\000n\000a\000l\000\040\000V\000a\000l\000u\000e\000\040\000a\000t\000\040\000R\000i\000s\000k\000\040\000\050\000C\000V\000a\000R\000\051}{section.5}% 34
\BOOKMARK [1][-]{section.6}{\376\377\000T\000r\000a\000n\000s\000a\000c\000t\000i\000o\000n\000\040\000C\000o\000s\000t\000\040\000I\000m\000p\000a\000c\000t}{}% 35
\BOOKMARK [1][-]{section.7}{\376\377\000S\000e\000n\000s\000i\000t\000i\000v\000i\000t\000y\000\040\000A\000n\000a\000l\000y\000s\000i\000s}{}% 36
\BOOKMARK [2][-]{subsection.7.1}{\376\377\000P\000a\000r\000a\000m\000e\000t\000e\000r\000\040\000R\000o\000b\000u\000s\000t\000n\000e\000s\000s}{section.7}% 37
\BOOKMARK [3][-]{subsubsection.7.1.1}{\376\377\000R\000i\000s\000k\000\040\000A\000v\000e\000r\000s\000i\000o\000n\000\040\000\050\000\051}{subsection.7.1}% 38
\BOOKMARK [3][-]{subsubsection.7.1.2}{\376\377\000N\000u\000m\000b\000e\000r\000\040\000o\000f\000\040\000P\000o\000s\000i\000t\000i\000o\000n\000s}{subsection.7.1}% 39
\BOOKMARK [1][-]{section.8}{\376\377\000I\000m\000p\000l\000e\000m\000e\000n\000t\000a\000t\000i\000o\000n\000\040\000D\000e\000t\000a\000i\000l\000s}{}% 40
\BOOKMARK [2][-]{subsection.8.1}{\376\377\000S\000o\000f\000t\000w\000a\000r\000e\000\040\000A\000r\000c\000h\000i\000t\000e\000c\000t\000u\000r\000e}{section.8}% 41
\BOOKMARK [2][-]{subsection.8.2}{\376\377\000D\000a\000t\000a\000\040\000P\000i\000p\000e\000l\000i\000n\000e}{section.8}% 42
\BOOKMARK [2][-]{subsection.8.3}{\376\377\000C\000o\000m\000p\000u\000t\000a\000t\000i\000o\000n\000a\000l\000\040\000R\000e\000q\000u\000i\000r\000e\000m\000e\000n\000t\000s}{section.8}% 43
\BOOKMARK [1][-]{section.9}{\376\377\000C\000o\000n\000c\000l\000u\000s\000i\000o\000n\000s}{}% 44
\BOOKMARK [2][-]{subsection.9.1}{\376\377\000K\000e\000y\000\040\000F\000i\000n\000d\000i\000n\000g\000s}{section.9}% 45
\BOOKMARK [2][-]{subsection.9.2}{\376\377\000P\000r\000a\000c\000t\000i\000c\000a\000l\000\040\000I\000m\000p\000l\000i\000c\000a\000t\000i\000o\000n\000s\000\040\000f\000o\000r\000\040\000I\000n\000v\000e\000s\000t\000o\000r\000s}{section.9}% 46
\BOOKMARK [2][-]{subsection.9.3}{\376\377\000R\000e\000c\000o\000m\000m\000e\000n\000d\000e\000d\000\040\000I\000m\000p\000l\000e\000m\000e\000n\000t\000a\000t\000i\000o\000n}{section.9}% 47
\BOOKMARK [2][-]{subsection.9.4}{\376\377\000L\000i\000m\000i\000t\000a\000t\000i\000o\000n\000s\000\040\000a\000n\000d\000\040\000F\000u\000t\000u\000r\000e\000\040\000R\000e\000s\000e\000a\000r\000c\000h}{section.9}% 48
\BOOKMARK [1][-]{section.10}{\376\377\000R\000e\000f\000e\000r\000e\000n\000c\000e\000s}{}% 49
\BOOKMARK [1][-]{appendix.A}{\376\377\000M\000a\000t\000h\000e\000m\000a\000t\000i\000c\000a\000l\000\040\000P\000r\000o\000o\000f\000s}{}% 50
\BOOKMARK [2][-]{subsection.A.1}{\376\377\000P\000r\000o\000o\000f\000:\000\040\000G\000e\000o\000m\000e\000t\000r\000i\000c\000\040\000M\000e\000a\000n\000\040\000R\000e\000q\000u\000i\000r\000e\000s\000\040\000M\000u\000l\000t\000i\000-\000F\000a\000c\000t\000o\000r\000\040\000C\000o\000n\000s\000i\000s\000t\000e\000n\000c\000y}{appendix.A}% 51
\BOOKMARK [1][-]{appendix.B}{\376\377\000C\000o\000d\000e\000\040\000L\000i\000s\000t\000i\000n\000g\000s}{}% 52
\BOOKMARK [2][-]{subsection.B.1}{\376\377\000F\000a\000c\000t\000o\000r\000\040\000C\000a\000l\000c\000u\000l\000a\000t\000i\000o\000n\000\040\000E\000x\000a\000m\000p\000l\000e}{appendix.B}% 53
\BOOKMARK [2][-]{subsection.B.2}{\376\377\000M\000V\000O\000\040\000O\000p\000t\000i\000m\000i\000z\000a\000t\000i\000o\000n\000\040\000w\000i\000t\000h\000\040\000A\000x\000i\000o\000m\000a\000\040\000A\000d\000j\000u\000s\000t\000m\000e\000n\000t}{appendix.B}% 54
